<?xml version="1.0" encoding="UTF-8"?>
<!-- Generated by org.testng.reporters.JUnitXMLReporter -->
<testsuite ignored="0" hostname="DESKTOP-F0SEMFK" failures="0" tests="8" name="Default test" time="46.575" errors="0" timestamp="2023-01-04T13:17:26 IST">
  <testcase classname="PropFTX.Tests.LoginTest" name="InvalidEmail" time="0.782"/>
  <testcase classname="PropFTX.Tests.LoginTest" name="checkPasswordVisibility" time="1.062"/>
  <testcase classname="PropFTX.Tests.LoginTest" name="forgotPasswordEmailExist" time="2.125"/>
  <testcase classname="PropFTX.Tests.LoginTest" name="forgotPasswordEmailNotExist" time="2.099"/>
  <testcase classname="PropFTX.Tests.LoginTest" name="forgotPasswordInvaliEmail" time="1.523"/>
  <testcase classname="PropFTX.Tests.LoginTest" name="validEmailPassword" time="3.894"/>
  <testcase classname="PropFTX.Tests.LoginTest" name="withoutEmailPassword" time="1.909"/>
  <testcase classname="PropFTX.Tests.LoginTest" name="wrongEmailPassword" time="2.465"/>
</testsuite> <!-- Default test -->
