<?xml version="1.0" encoding="UTF-8"?>
<testng-results ignored="0" total="9" passed="9" failed="0" skipped="0">
  <reporter-output>
  </reporter-output>
  <suite started-at="2023-01-04T13:52:47 IST" name="Default suite" finished-at="2023-01-04T13:53:20 IST" duration-ms="33081">
    <groups>
    </groups>
    <test started-at="2023-01-04T13:52:47 IST" name="Default test" finished-at="2023-01-04T13:53:20 IST" duration-ms="33081">
      <class name="PropFTX.Tests.LoginTest">
        <test-method is-config="true" signature="launchWebsite()[pri:0, instance:PropFTX.Tests.LoginTest@4f80542f]" started-at="2023-01-04T13:52:47 IST" name="launchWebsite" finished-at="2023-01-04T13:52:51 IST" duration-ms="3972" status="PASS">
          <reporter-output>
          </reporter-output>
        </test-method> <!-- launchWebsite -->
        <test-method signature="withoutEmailPassword()[pri:0, instance:PropFTX.Tests.LoginTest@4f80542f]" started-at="2023-01-04T13:52:51 IST" name="withoutEmailPassword" finished-at="2023-01-04T13:52:52 IST" duration-ms="564" status="PASS">
          <reporter-output>
          </reporter-output>
        </test-method> <!-- withoutEmailPassword -->
        <test-method is-config="true" signature="closeBrowser()[pri:0, instance:PropFTX.Tests.LoginTest@4f80542f]" started-at="2023-01-04T13:52:52 IST" name="closeBrowser" finished-at="2023-01-04T13:52:52 IST" duration-ms="299" status="PASS">
          <reporter-output>
          </reporter-output>
        </test-method> <!-- closeBrowser -->
        <test-method is-config="true" signature="launchWebsite()[pri:0, instance:PropFTX.Tests.LoginTest@4f80542f]" started-at="2023-01-04T13:52:52 IST" name="launchWebsite" finished-at="2023-01-04T13:52:55 IST" duration-ms="2590" status="PASS">
          <reporter-output>
          </reporter-output>
        </test-method> <!-- launchWebsite -->
        <test-method signature="wrongEmailPassword()[pri:1, instance:PropFTX.Tests.LoginTest@4f80542f]" started-at="2023-01-04T13:52:55 IST" name="wrongEmailPassword" finished-at="2023-01-04T13:52:56 IST" duration-ms="1410" status="PASS">
          <reporter-output>
          </reporter-output>
        </test-method> <!-- wrongEmailPassword -->
        <test-method is-config="true" signature="closeBrowser()[pri:0, instance:PropFTX.Tests.LoginTest@4f80542f]" started-at="2023-01-04T13:52:56 IST" name="closeBrowser" finished-at="2023-01-04T13:52:56 IST" duration-ms="166" status="PASS">
          <reporter-output>
          </reporter-output>
        </test-method> <!-- closeBrowser -->
        <test-method is-config="true" signature="launchWebsite()[pri:0, instance:PropFTX.Tests.LoginTest@4f80542f]" started-at="2023-01-04T13:52:56 IST" name="launchWebsite" finished-at="2023-01-04T13:52:59 IST" duration-ms="2279" status="PASS">
          <reporter-output>
          </reporter-output>
        </test-method> <!-- launchWebsite -->
        <test-method signature="InvalidEmail()[pri:2, instance:PropFTX.Tests.LoginTest@4f80542f]" started-at="2023-01-04T13:52:59 IST" name="InvalidEmail" finished-at="2023-01-04T13:52:59 IST" duration-ms="592" status="PASS">
          <reporter-output>
          </reporter-output>
        </test-method> <!-- InvalidEmail -->
        <test-method is-config="true" signature="closeBrowser()[pri:0, instance:PropFTX.Tests.LoginTest@4f80542f]" started-at="2023-01-04T13:52:59 IST" name="closeBrowser" finished-at="2023-01-04T13:53:00 IST" duration-ms="557" status="PASS">
          <reporter-output>
          </reporter-output>
        </test-method> <!-- closeBrowser -->
        <test-method is-config="true" signature="launchWebsite()[pri:0, instance:PropFTX.Tests.LoginTest@4f80542f]" started-at="2023-01-04T13:53:00 IST" name="launchWebsite" finished-at="2023-01-04T13:53:02 IST" duration-ms="2048" status="PASS">
          <reporter-output>
          </reporter-output>
        </test-method> <!-- launchWebsite -->
        <test-method signature="checkPasswordVisibility()[pri:3, instance:PropFTX.Tests.LoginTest@4f80542f]" started-at="2023-01-04T13:53:02 IST" name="checkPasswordVisibility" finished-at="2023-01-04T13:53:02 IST" duration-ms="639" status="PASS">
          <reporter-output>
          </reporter-output>
        </test-method> <!-- checkPasswordVisibility -->
        <test-method is-config="true" signature="closeBrowser()[pri:0, instance:PropFTX.Tests.LoginTest@4f80542f]" started-at="2023-01-04T13:53:02 IST" name="closeBrowser" finished-at="2023-01-04T13:53:03 IST" duration-ms="204" status="PASS">
          <reporter-output>
          </reporter-output>
        </test-method> <!-- closeBrowser -->
        <test-method is-config="true" signature="launchWebsite()[pri:0, instance:PropFTX.Tests.LoginTest@4f80542f]" started-at="2023-01-04T13:53:03 IST" name="launchWebsite" finished-at="2023-01-04T13:53:05 IST" duration-ms="2400" status="PASS">
          <reporter-output>
          </reporter-output>
        </test-method> <!-- launchWebsite -->
        <test-method signature="validEmailPassword()[pri:4, instance:PropFTX.Tests.LoginTest@4f80542f]" started-at="2023-01-04T13:53:05 IST" name="validEmailPassword" finished-at="2023-01-04T13:53:07 IST" duration-ms="1735" status="PASS">
          <reporter-output>
          </reporter-output>
        </test-method> <!-- validEmailPassword -->
        <test-method is-config="true" signature="closeBrowser()[pri:0, instance:PropFTX.Tests.LoginTest@4f80542f]" started-at="2023-01-04T13:53:07 IST" name="closeBrowser" finished-at="2023-01-04T13:53:07 IST" duration-ms="139" status="PASS">
          <reporter-output>
          </reporter-output>
        </test-method> <!-- closeBrowser -->
        <test-method is-config="true" signature="launchWebsite()[pri:0, instance:PropFTX.Tests.LoginTest@4f80542f]" started-at="2023-01-04T13:53:07 IST" name="launchWebsite" finished-at="2023-01-04T13:53:09 IST" duration-ms="2238" status="PASS">
          <reporter-output>
          </reporter-output>
        </test-method> <!-- launchWebsite -->
        <test-method signature="forgotPasswordWithoutEmail()[pri:5, instance:PropFTX.Tests.LoginTest@4f80542f]" started-at="2023-01-04T13:53:09 IST" name="forgotPasswordWithoutEmail" finished-at="2023-01-04T13:53:10 IST" duration-ms="532" status="PASS">
          <reporter-output>
          </reporter-output>
        </test-method> <!-- forgotPasswordWithoutEmail -->
        <test-method is-config="true" signature="closeBrowser()[pri:0, instance:PropFTX.Tests.LoginTest@4f80542f]" started-at="2023-01-04T13:53:10 IST" name="closeBrowser" finished-at="2023-01-04T13:53:10 IST" duration-ms="169" status="PASS">
          <reporter-output>
          </reporter-output>
        </test-method> <!-- closeBrowser -->
        <test-method is-config="true" signature="launchWebsite()[pri:0, instance:PropFTX.Tests.LoginTest@4f80542f]" started-at="2023-01-04T13:53:10 IST" name="launchWebsite" finished-at="2023-01-04T13:53:12 IST" duration-ms="2131" status="PASS">
          <reporter-output>
          </reporter-output>
        </test-method> <!-- launchWebsite -->
        <test-method signature="forgotPasswordInvaliEmail()[pri:6, instance:PropFTX.Tests.LoginTest@4f80542f]" started-at="2023-01-04T13:53:12 IST" name="forgotPasswordInvaliEmail" finished-at="2023-01-04T13:53:13 IST" duration-ms="652" status="PASS">
          <reporter-output>
          </reporter-output>
        </test-method> <!-- forgotPasswordInvaliEmail -->
        <test-method is-config="true" signature="closeBrowser()[pri:0, instance:PropFTX.Tests.LoginTest@4f80542f]" started-at="2023-01-04T13:53:13 IST" name="closeBrowser" finished-at="2023-01-04T13:53:13 IST" duration-ms="151" status="PASS">
          <reporter-output>
          </reporter-output>
        </test-method> <!-- closeBrowser -->
        <test-method is-config="true" signature="launchWebsite()[pri:0, instance:PropFTX.Tests.LoginTest@4f80542f]" started-at="2023-01-04T13:53:13 IST" name="launchWebsite" finished-at="2023-01-04T13:53:15 IST" duration-ms="2143" status="PASS">
          <reporter-output>
          </reporter-output>
        </test-method> <!-- launchWebsite -->
        <test-method signature="forgotPasswordEmailNotExist()[pri:7, instance:PropFTX.Tests.LoginTest@4f80542f]" started-at="2023-01-04T13:53:15 IST" name="forgotPasswordEmailNotExist" finished-at="2023-01-04T13:53:16 IST" duration-ms="1384" status="PASS">
          <reporter-output>
          </reporter-output>
        </test-method> <!-- forgotPasswordEmailNotExist -->
        <test-method is-config="true" signature="closeBrowser()[pri:0, instance:PropFTX.Tests.LoginTest@4f80542f]" started-at="2023-01-04T13:53:16 IST" name="closeBrowser" finished-at="2023-01-04T13:53:16 IST" duration-ms="183" status="PASS">
          <reporter-output>
          </reporter-output>
        </test-method> <!-- closeBrowser -->
        <test-method is-config="true" signature="launchWebsite()[pri:0, instance:PropFTX.Tests.LoginTest@4f80542f]" started-at="2023-01-04T13:53:16 IST" name="launchWebsite" finished-at="2023-01-04T13:53:19 IST" duration-ms="2065" status="PASS">
          <reporter-output>
          </reporter-output>
        </test-method> <!-- launchWebsite -->
        <test-method signature="forgotPasswordEmailExist()[pri:8, instance:PropFTX.Tests.LoginTest@4f80542f]" started-at="2023-01-04T13:53:19 IST" name="forgotPasswordEmailExist" finished-at="2023-01-04T13:53:20 IST" duration-ms="1589" status="PASS">
          <reporter-output>
          </reporter-output>
        </test-method> <!-- forgotPasswordEmailExist -->
        <test-method is-config="true" signature="closeBrowser()[pri:0, instance:PropFTX.Tests.LoginTest@4f80542f]" started-at="2023-01-04T13:53:20 IST" name="closeBrowser" finished-at="2023-01-04T13:53:20 IST" duration-ms="147" status="PASS">
          <reporter-output>
          </reporter-output>
        </test-method> <!-- closeBrowser -->
      </class> <!-- PropFTX.Tests.LoginTest -->
    </test> <!-- Default test -->
  </suite> <!-- Default suite -->
</testng-results>
